************ KERISE v3-2 ************
Battery Voltage: 4.283
[I][mouse.ino:77] setup(): tskNO_AFFINITY => 2147483647
[I][utils.cpp:197] restore(): Restore Successful
[D][utils.cpp:198] restore(): wd.wall_ref: 248, 618, 546, 195
Reflector Offset: 1851	1850	1849	1856	

+---+---+---+---+---+---+---+---+---+---+---+---+---+---+---+---+---+---+---+---+---+---+---+---+---+---+---+---+---+---+---+---+
|999:999:999:999:999:999:999:999:999:999:999:999:999:999:999:999:999:999:999:999:999:999:999:999:999:999:999:999:999:999:999:999|
+ - + - + - + - + - + - + - + - + - + - + - + - + - + - + - + - + - + - + - + - + - + - + - + - + - + - + - + - + - + - + - + - +
|999:999:999:999:999:999:999:999:999:999:999:999:999:999:999:999:999:999:999:999:999:999:999:999:999:999:999:999:999:999:999:999|
+ - + - + - + - + - + - + - + - + - + - + - + - + - + - + - + - + - + - + - + - + - + - + - + - + - + - + - + - + - + - + - + - +
|999:999:999:999:999:999:999:999:999:999:999:999:999:999:999:999:999:999:999:999:999:999:999:999:999:999:999:999:999:999:999:999|
+ - + - + - + - + - + - + - + - + - + - + - + - + - + - + - + - + - + - + - + - + - + - + - + - + - + - + - + - + - + - + - + - +
|999:999:999:999:999:999:999:999:999:999:999:999:999:999:999:999:999:999:999:999:999:999:999:999:999:999:999:999:999:999:999:999|
+ - + - + - + - + - + - + - + - + - + - + - + - + - + - + - + - + - + - + - + - + - + - + - + - + - + - + - + - + - + - + - + - +
|999:999:999:999:999:999:999:999:999:999:999:999:999:999:999:999:999:999:999:999:999:999:999:999:999:999:999:999:999:999:999:999|
+ - + - + - + - + - + - + - + - + - + - + - + - + - + - + - + - + - + - + - + - + - + - + - + - + - + - + - + - + - + - + - + - +
|999:999:999:999:999:999:999:999:999:999:999:999:999:999:999:999:999:999:999:999:999:999:999:999:999:999:999:999:999:999:999:999|
+ - + - + - + - + - + - + - + - + - + - + - + - + - + - + - + - + - + - + - + - + - + - + - + - + - + - + - + - + - + - + - + - +
|999:999:999:999:999:999:999:999:999:999:999:999:999:999:999:999:999:999:999:999:999:999:999:999:999:999:999:999:999:999:999:999|
+ - + - + - + - + - + - + - + - + - + - + - + - + - + - + - + - + - + - + - + - + - + - + - + - + - + - + - + - + - + - + - + - +
|999:999:999:999:999:999:999:999:999:999:999:999:999:999:999:999:999:999:999:999:999:999:999:999:999:999:999:999:999:999:999:999|
+ - + - + - + - + - + - + - + - + - + - + - + - + - + - + - + - + - + - + - + - + - + - + - + - + - + - + - + - + - + - + - + - +
|999:999:999:999:999:999:999:999:999:999:999:999:999:999:999:999:999:999:999:999:999:999:999:999:999:999:999:999:999:999:999:999|
+ - + - + - + - + - + - + - + - + - + - + - + - + - + - + - + - + - + - + - + - + - + - + - + - + - + - + - + - + - + - + - + - +
|999:999:999:999:999:999:999:999:999:999:999:999:999:999:999:999:999:999:999:999:999:999:999:999:999:999:999:999:999:999:999:999|
+ - + - + - + - + - + - + - + - + - + - + - + - + - + - + - + - + - + - + - + - + - + - + - + - + - + - + - + - + - + - + - + - +
|999:999:999:999:999:999:999:999:999:999:999:999:999:999:999:999:999:999:999:999:999:999:999:999:999:999:999:999:999:999:999:999|
+ - + - + - + - + - + - + - + - + - + - + - + - + - + - + - + - + - + - + - + - + - + - + - + - + - + - + - + - + - + - + - + - +
|999:999:999:999:999:999:999:999:999:999:999:999:999:999:999:999:999:999:999:999:999:999:999:999:999:999:999:999:999:999:999:999|
+ - + - + - + - + - + - + - + - + - + - + - + - + - + - + - + - + - + - + - + - + - + - + - + - + - + - + - + - + - + - + - + - +
|999:999:999:999:999:999:999:999:999:999:999:999:999:999:999:999:999:999:999:999:999:999:999:999:999:999:999:999:999:999:999:999|
+ - + - + - + - + - + - + - + - + - + - + - + - + - + - + - + - + - + - + - + - + - + - + - + - + - + - + - + - + - + - + - + - +
|999:999:999:999:999:999:999:999:999:999:999:999:999:999:999:999:999:999:999:999:999:999:999:999:999:999:999:999:999:999:999:999|
+ - + - + - + - + - + - + - + - + - + - + - + - + - + - + - + - + - + - + - + - + - + - + - + - + - + - + - + - + - + - + - + - +
|999:999:999:999:999:999:999:999:999:999:999:999:999:999:999:999:999:999:999:999:999:999:999:999:999:999:999:999:999:999:999:999|
+ - + - + - + - + - + - + - + - + - + - + - + - + - + - + - + - + - + - + - + - + - + - + - + - + - + - + - + - + - + - + - + - +
|999:999:999:999:999:999:999:999:999:999:999:999:999:999:999:999:999:999:999:999:999:999:999:999:999:999:999:999:999:999:999:999|
+---+---+---+---+---+---+---+---+---+---+---+---+---+---+---+ - + - + - + - + - + - + - + - + - + - + - + - + - + - + - + - + - +
| 35  34  33  32  31  30  29  28  27  28  29  28  27  26  25  26:999:999:999:999:999:999:999:999:999:999:999:999:999:999:999:999|
+   +   +---+---+---+   +---+---+   +---+---+---+   +---+   + - + - + - + - + - + - + - + - + - + - + - + - + - + - + - + - + - +
| 36| 35:999| 31  30  29  28  27  26  25  24  25: 28:999| 24|999:999:999:999:999:999:999:999:999:999:999:999:999:999:999:999:999|
+   + - + - +   +---+---+---+---+---+---+   +---+---+---+   + - + - + - + - + - + - + - + - + - + - + - + - + - + - + - + - + - +
| 37|999:999| 32|999:999| 25  24  23  22  23| 24  23  22  23|999:999:999:999:999:999:999:999:999:999:999:999:999:999:999:999:999|
+   + - + - +   +---+ - +   +---+---+   +---+---+   +   +---+ - + - + - + - + - + - + - + - + - + - + - + - + - + - + - + - + - +
| 38|999:999| 33  34|999| 26| 23  22  21  20  19| 24| 21|999:999:999:999:999:999:999:999:999:999:999:999:999:999:999:999:999:999|
+   + - + - +---+   +---+   +   +---+---+---+   + - +   + - + - + - + - + - + - + - + - + - + - + - + - + - + - + - + - + - + - +
| 39|999:999: 36  35  36| 27| 24|999:999:999| 18|999| 20|999:999:999:999:999:999:999:999:999:999:999:999:999:999:999:999:999:999|
+   +---+---+ - +---+   +   +   + - +---+---+   + - +   + - + - + - + - + - + - + - + - + - + - + - + - + - + - + - + - + - + - +
| 40  41  42|999| 38  37| 26  25|999| 15  16  17  18| 19|999:999:999:999:999:999:999:999:999:999:999:999:999:999:999:999:999:999|
+---+---+   + - +   +---+---+---+---+   +---+---+---+   + - + - + - + - + - + - + - + - + - + - + - + - + - + - + - + - + - + - +
| 45  44  43|999| 39| 10  11  12  13  14  15  16  17  18|999:999:999:999:999:999:999:999:999:999:999:999:999:999:999:999:999:999|
+   +---+---+ - +   +   +   +---+   +---+   +---+---+---+ - + - + - + - + - + - + - + - + - + - + - + - + - + - + - + - + - + - +
| 46|999:999:999| 40|  9| 12|  9| 12|999| 14|999:999:999:999:999:999:999:999:999:999:999:999:999:999:999:999:999:999:999:999:999|
+   + - +---+---+   +   +---+   +   +---+   +---+ - + - + - + - + - + - + - + - + - + - + - + - + - + - + - + - + - + - + - + - +
| 47|999| 43  42  41|  8   7   8| 11  12| 13| 64|999:999:999:999:999:999:999:999:999:999:999:999:999:999:999:999:999:999:999:999|
+   +---+   +---+---+---+   +---+   +   +   +   + - + - + - + - + - + - + - + - + - + - + - + - + - + - + - + - + - + - + - + - +
| 46  45  44|  3   4   5   6|  9  10| 13| 12| 63|999:999:999:999:999:999:999:999:999:999:999:999:999:999:999:999:999:999:999:999|
+   +---+   +   +---+---+   +   +---+---+   +   + - + - + - + - + - + - + - + - + - + - + - + - + - + - + - + - + - + - + - + - +
| 47  48| 45|  2|  0   0|  7|  8   9  10  11| 62|999:999:999:999:999:999:999:999:999:999:999:999:999:999:999:999:999:999:999:999|
+---+   +   +   +   +   +   +   +---+---+---+   + - + - + - + - + - + - + - + - + - + - + - + - + - + - + - + - + - + - + - + - +
| 54| 49| 46|  1   0   0|  6   7|999:999| 60  61|999:999:999:999:999:999:999:999:999:999:999:999:999:999:999:999:999:999:999:999|
+   +   +   +   +---+---+   +---+ - +---+   +---+ - + - + - + - + - + - + - + - + - + - + - + - + - + - + - + - + - + - + - + - +
| 53| 50| 47|  2   3   4   5|999:999| 58  59|999:999:999:999:999:999:999:999:999:999:999:999:999:999:999:999:999:999:999:999:999|
+   +   +   +---+---+---+---+ - +---+   +---+ - + - + - + - + - + - + - + - + - + - + - + - + - + - + - + - + - + - + - + - + - +
| 52  51| 48  49  50  51  52|999| 56  57  58:999:999:999:999:999:999:999:999:999:999:999:999:999:999:999:999:999:999:999:999:999|
+   +   +   +---+---+---+   +---+   +---+ - + - + - + - + - + - + - + - + - + - + - + - + - + - + - + - + - + - + - + - + - + - +
| 53| 50  49  50:999:999| 53  54  55|999:999:999:999:999:999:999:999:999:999:999:999:999:999:999:999:999:999:999:999:999:999:999|
+   +   +---+ - + - + - +---+   +---+ - + - + - + - + - + - + - + - + - + - + - + - + - + - + - + - + - + - + - + - + - + - + - +
| ^ | 51:999:999:999:999:999: 55:999:999:999:999:999:999:999:999:999:999:999:999:999:999:999:999:999:999:999:999:999:999:999:999|
+---+---+---+---+---+---+---+---+---+---+---+---+---+---+---+---+---+---+---+---+---+---+---+---+---+---+---+---+---+---+---+---+
Cur: (   0,   0,   1), State: Reached Start       
Step:    1, Forward:   0, Left:   0, Right:   0, Back:   1

+---+---+---+---+---+---+---+---+---+---+---+---+---+---+---+---+---+---+---+---+---+---+---+---+---+---+---+---+---+---+---+---+
|   :   :   :   :   :   :   :   :   :   :   :   :   :   :   :   :   :   :   :   :   :   :   :   :   :   :   :   :   :   :   :   |
+ - + - + - + - + - + - + - + - + - + - + - + - + - + - + - + - + - + - + - + - + - + - + - + - + - + - + - + - + - + - + - + - +
|   :   :   :   :   :   :   :   :   :   :   :   :   :   :   :   :   :   :   :   :   :   :   :   :   :   :   :   :   :   :   :   |
+ - + - + - + - + - + - + - + - + - + - + - + - + - + - + - + - + - + - + - + - + - + - + - + - + - + - + - + - + - + - + - + - +
|   :   :   :   :   :   :   :   :   :   :   :   :   :   :   :   :   :   :   :   :   :   :   :   :   :   :   :   :   :   :   :   |
+ - + - + - + - + - + - + - + - + - + - + - + - + - + - + - + - + - + - + - + - + - + - + - + - + - + - + - + - + - + - + - + - +
|   :   :   :   :   :   :   :   :   :   :   :   :   :   :   :   :   :   :   :   :   :   :   :   :   :   :   :   :   :   :   :   |
+ - + - + - + - + - + - + - + - + - + - + - + - + - + - + - + - + - + - + - + - + - + - + - + - + - + - + - + - + - + - + - + - +
|   :   :   :   :   :   :   :   :   :   :   :   :   :   :   :   :   :   :   :   :   :   :   :   :   :   :   :   :   :   :   :   |
+ - + - + - + - + - + - + - + - + - + - + - + - + - + - + - + - + - + - + - + - + - + - + - + - + - + - + - + - + - + - + - + - +
|   :   :   :   :   :   :   :   :   :   :   :   :   :   :   :   :   :   :   :   :   :   :   :   :   :   :   :   :   :   :   :   |
+ - + - + - + - + - + - + - + - + - + - + - + - + - + - + - + - + - + - + - + - + - + - + - + - + - + - + - + - + - + - + - + - +
|   :   :   :   :   :   :   :   :   :   :   :   :   :   :   :   :   :   :   :   :   :   :   :   :   :   :   :   :   :   :   :   |
+ - + - + - + - + - + - + - + - + - + - + - + - + - + - + - + - + - + - + - + - + - + - + - + - + - + - + - + - + - + - + - + - +
|   :   :   :   :   :   :   :   :   :   :   :   :   :   :   :   :   :   :   :   :   :   :   :   :   :   :   :   :   :   :   :   |
+ - + - + - + - + - + - + - + - + - + - + - + - + - + - + - + - + - + - + - + - + - + - + - + - + - + - + - + - + - + - + - + - +
|   :   :   :   :   :   :   :   :   :   :   :   :   :   :   :   :   :   :   :   :   :   :   :   :   :   :   :   :   :   :   :   |
+ - + - + - + - + - + - + - + - + - + - + - + - + - + - + - + - + - + - + - + - + - + - + - + - + - + - + - + - + - + - + - + - +
|   :   :   :   :   :   :   :   :   :   :   :   :   :   :   :   :   :   :   :   :   :   :   :   :   :   :   :   :   :   :   :   |
+ - + - + - + - + - + - + - + - + - + - + - + - + - + - + - + - + - + - + - + - + - + - + - + - + - + - + - + - + - + - + - + - +
|   :   :   :   :   :   :   :   :   :   :   :   :   :   :   :   :   :   :   :   :   :   :   :   :   :   :   :   :   :   :   :   |
+ - + - + - + - + - + - + - + - + - + - + - + - + - + - + - + - + - + - + - + - + - + - + - + - + - + - + - + - + - + - + - + - +
|   :   :   :   :   :   :   :   :   :   :   :   :   :   :   :   :   :   :   :   :   :   :   :   :   :   :   :   :   :   :   :   |
+ - + - + - + - + - + - + - + - + - + - + - + - + - + - + - + - + - + - + - + - + - + - + - + - + - + - + - + - + - + - + - + - +
|   :   :   :   :   :   :   :   :   :   :   :   :   :   :   :   :   :   :   :   :   :   :   :   :   :   :   :   :   :   :   :   |
+ - + - + - + - + - + - + - + - + - + - + - + - + - + - + - + - + - + - + - + - + - + - + - + - + - + - + - + - + - + - + - + - +
|   :   :   :   :   :   :   :   :   :   :   :   :   :   :   :   :   :   :   :   :   :   :   :   :   :   :   :   :   :   :   :   |
+ - + - + - + - + - + - + - + - + - + - + - + - + - + - + - + - + - + - + - + - + - + - + - + - + - + - + - + - + - + - + - + - +
|   :   :   :   :   :   :   :   :   :   :   :   :   :   :   :   :   :   :   :   :   :   :   :   :   :   :   :   :   :   :   :   |
+ - + - + - + - + - + - + - + - + - + - + - + - + - + - + - + - + - + - + - + - + - + - + - + - + - + - + - + - + - + - + - + - +
|   :   :   :   :   :   :   :   :   :   :   :   :   :   :   :   :   :   :   :   :   :   :   :   :   :   :   :   :   :   :   :   |
+---+---+---+---+---+---+---+---+---+---+---+---+---+---+---+ - + - + - + - + - + - + - + - + - + - + - + - + - + - + - + - + - +
|                                                               :   :   :   :   :   :   :   :   :   :   :   :   :   :   :   :   |
+   +   +---+---+---+   +---+---+   +---+---+---+   +---+   + - + - + - + - + - + - + - + - + - + - + - + - + - + - + - + - + - +
|   |   :   | 23  24  25  26  27  28  29  30    :   :   |   |   :   :   :   :   :   :   :   :   :   :   :   :   :   :   :   :   |
+   + - + - +   +---+---+---+---+---+---+   +---+---+---+   + - + - + - + - + - + - + - + - + - + - + - + - + - + - + - + - + - +
|   |   :   | 22|   :   |             32  31|               |   :   :   :   :   :   :   :   :   :   :   :   :   :   :   :   :   |
+   + - + - +   +---+ - +   +---+---+   +---+---+   +   +---+ - + - + - + - + - + - + - + - + - + - + - + - + - + - + - + - + - +
|   |   :   | 21  20|   |   |         33  34  35|   |   |   :   :   :   :   :   :   :   :   :   :   :   :   :   :   :   :   :   |
+   + - + - +---+   +---+   +   +---+---+---+   + - +   + - + - + - + - + - + - + - + - + - + - + - + - + - + - + - + - + - + - +
|   |   :   :     19  18|   |   |   :   :   | 36|   |   |   :   :   :   :   :   :   :   :   :   :   :   :   :   :   :   :   :   |
+   +---+---+ - +---+   +   +   + - +---+---+   + - +   + - + - + - + - + - + - + - + - + - + - + - + - + - + - + - + - + - + - +
|           |   | 16  17|       |   | 39  38  37    |   |   :   :   :   :   :   :   :   :   :   :   :   :   :   :   :   :   :   |
+---+---+   + - +   +---+---+---+---+   +---+---+---+   + - + - + - + - + - + - + - + - + - + - + - + - + - + - + - + - + - + - +
|           |   | 15|             41  40                |   :   :   :   :   :   :   :   :   :   :   :   :   :   :   :   :   :   |
+   +---+---+ - +   +   +   +---+   +---+   +---+---+---+ - + - + - + - + - + - + - + - + - + - + - + - + - + - + - + - + - + - +
|   |   :   :   | 14|   |   |   | 42|   |   |   :   :   :   :   :   :   :   :   :   :   :   :   :   :   :   :   :   :   :   :   |
+   + - +---+---+   +   +---+   +   +---+   +---+ - + - + - + - + - + - + - + - + - + - + - + - + - + - + - + - + - + - + - + - +
|   |   | 11  12  13|           | 43    |   |   |   :   :   :   :   :   :   :   :   :   :   :   :   :   :   :   :   :   :   :   |
+   +---+   +---+---+---+   +---+   +   +   +   + - + - + - + - + - + - + - + - + - + - + - + - + - + - + - + - + - + - + - + - +
|  8   9  10|               | 45  44|   |   |   |   :   :   :   :   :   :   :   :   :   :   :   :   :   :   :   :   :   :   :   |
+   +---+   +   +---+---+   +   +---+---+   +   + - + - + - + - + - + - + - + - + - + - + - + - + - + - + - + - + - + - + - + - +
|  7   6|   |   |       |   | 46            |   |   :   :   :   :   :   :   :   :   :   :   :   :   :   :   :   :   :   :   :   |
+---+   +   +   +   +   +   +   +---+---+---+   + - + - + - + - + - + - + - + - + - + - + - + - + - + - + - + - + - + - + - + - +
|   |  5|   | 53  54  55| 48  47|   :   |       |   :   :   :   :   :   :   :   :   :   :   :   :   :   :   :   :   :   :   :   |
+   +   +   +   +---+---+   +---+ - +---+   +---+ - + - + - + - + - + - + - + - + - + - + - + - + - + - + - + - + - + - + - + - +
|   |  4|   | 52  51  50  49|   :   |       |   :   :   :   :   :   :   :   :   :   :   :   :   :   :   :   :   :   :   :   :   |
+   +   +   +---+---+---+---+ - +---+   +---+ - + - + - + - + - + - + - + - + - + - + - + - + - + - + - + - + - + - + - + - + - +
|  2   3|                   |   |           :   :   :   :   :   :   :   :   :   :   :   :   :   :   :   :   :   :   :   :   :   |
+   +   +   +---+---+---+   +---+   +---+ - + - + - + - + - + - + - + - + - + - + - + - + - + - + - + - + - + - + - + - + - + - +
|  1|           :   :   |           |   :   :   :   :   :   :   :   :   :   :   :   :   :   :   :   :   :   :   :   :   :   :   |
+   +   +---+ - + - + - +---+   +---+ - + - + - + - + - + - + - + - + - + - + - + - + - + - + - + - + - + - + - + - + - + - + - +
|   |   :   :   :   :   :   :   :   :   :   :   :   :   :   :   :   :   :   :   :   :   :   :   :   :   :   :   :   :   :   :   |
+---+---+---+---+---+---+---+---+---+---+---+---+---+---+---+---+---+---+---+---+---+---+---+---+---+---+---+---+---+---+---+---+


Shortest Step: 54

